# JRE version: Java(TM) SE Runtime Environment (8.0_162-b12) (build 1.8.0_162-b12)
# Java VM: Java HotSpot(TM) 64-Bit Server VM (25.162-b12 mixed mode bsd-amd64 compressed oops)
Heap:
 PSYoungGen      total 508416K, used 286229K [0x000000076ab00000, 0x0000000794800000, 0x00000007c0000000)
  eden space 491520K, 54% used [0x000000076ab00000,0x000000077b262760,0x0000000788b00000)
  from space 16896K, 97% used [0x0000000793780000,0x00000007947a2f90,0x0000000794800000)
  to   space 30720K, 0% used [0x0000000790c00000,0x0000000790c00000,0x0000000792a00000)
 ParOldGen       total 212480K, used 60274K [0x00000006c0000000, 0x00000006ccf80000, 0x000000076ab00000)
  object space 212480K, 28% used [0x00000006c0000000,0x00000006c3adc8b0,0x00000006ccf80000)
 Metaspace       used 84883K, capacity 86482K, committed 86784K, reserved 1124352K
  class space    used 10320K, capacity 10903K, committed 11008K, reserved 1048576K
GC Heap History (10 events):
Event: 14.887 GC heap before
{Heap before GC invocations=13 (full 3):
 PSYoungGen      total 418816K, used 19959K [0x000000076ab00000, 0x0000000786500000, 0x00000007c0000000)
  eden space 398848K, 0% used [0x000000076ab00000,0x000000076ab00000,0x0000000783080000)
  from space 19968K, 99% used [0x0000000784880000,0x0000000785bfdc28,0x0000000785c00000)
  to   space 24576K, 0% used [0x0000000783080000,0x0000000783080000,0x0000000784880000)
 ParOldGen       total 152064K, used 26087K [0x00000006c0000000, 0x00000006c9480000, 0x000000076ab00000)
  object space 152064K, 17% used [0x00000006c0000000,0x00000006c1979e00,0x00000006c9480000)
 Metaspace       used 57737K, capacity 58610K, committed 59008K, reserved 1101824K
  class space    used 7107K, capacity 7449K, committed 7552K, reserved 1048576K
Event: 14.987 GC heap after
Heap after GC invocations=13 (full 3):
 PSYoungGen      total 418816K, used 0K [0x000000076ab00000, 0x0000000786500000, 0x00000007c0000000)
  eden space 398848K, 0% used [0x000000076ab00000,0x000000076ab00000,0x0000000783080000)
  from space 19968K, 0% used [0x0000000784880000,0x0000000784880000,0x0000000785c00000)
  to   space 24576K, 0% used [0x0000000783080000,0x0000000783080000,0x0000000784880000)
 ParOldGen       total 212480K, used 39929K [0x00000006c0000000, 0x00000006ccf80000, 0x000000076ab00000)
  object space 212480K, 18% used [0x00000006c0000000,0x00000006c26fe7c0,0x00000006ccf80000)
 Metaspace       used 57737K, capacity 58610K, committed 59008K, reserved 1101824K
  class space    used 7107K, capacity 7449K, committed 7552K, reserved 1048576K
}
Event: 16.228 GC heap before
{Heap before GC invocations=14 (full 3):
 PSYoungGen      total 418816K, used 398848K [0x000000076ab00000, 0x0000000786500000, 0x00000007c0000000)
  eden space 398848K, 100% used [0x000000076ab00000,0x0000000783080000,0x0000000783080000)
  from space 19968K, 0% used [0x0000000784880000,0x0000000784880000,0x0000000785c00000)
  to   space 24576K, 0% used [0x0000000783080000,0x0000000783080000,0x0000000784880000)
 ParOldGen       total 212480K, used 39929K [0x00000006c0000000, 0x00000006ccf80000, 0x000000076ab00000)
  object space 212480K, 18% used [0x00000006c0000000,0x00000006c26fe7c0,0x00000006ccf80000)
 Metaspace       used 64241K, capacity 65310K, committed 65792K, reserved 1105920K
  class space    used 7948K, capacity 8393K, committed 8448K, reserved 1048576K
Event: 16.242 GC heap after
Heap after GC invocations=14 (full 3):
 PSYoungGen      total 423424K, used 9452K [0x000000076ab00000, 0x000000078cb80000, 0x00000007c0000000)
  eden space 398848K, 0% used [0x000000076ab00000,0x000000076ab00000,0x0000000783080000)
  from space 24576K, 38% used [0x0000000783080000,0x00000007839bb168,0x0000000784880000)
  to   space 23552K, 0% used [0x000000078b480000,0x000000078b480000,0x000000078cb80000)
 ParOldGen       total 212480K, used 39937K [0x00000006c0000000, 0x00000006ccf80000, 0x000000076ab00000)
  object space 212480K, 18% used [0x00000006c0000000,0x00000006c27007c0,0x00000006ccf80000)
 Metaspace       used 64241K, capacity 65310K, committed 65792K, reserved 1105920K
  class space    used 7948K, capacity 8393K, committed 8448K, reserved 1048576K
}
Event: 16.806 GC heap before
{Heap before GC invocations=15 (full 3):
 PSYoungGen      total 423424K, used 408300K [0x000000076ab00000, 0x000000078cb80000, 0x00000007c0000000)
  eden space 398848K, 100% used [0x000000076ab00000,0x0000000783080000,0x0000000783080000)
  from space 24576K, 38% used [0x0000000783080000,0x00000007839bb168,0x0000000784880000)
  to   space 23552K, 0% used [0x000000078b480000,0x000000078b480000,0x000000078cb80000)
 ParOldGen       total 212480K, used 39937K [0x00000006c0000000, 0x00000006ccf80000, 0x000000076ab00000)
  object space 212480K, 18% used [0x00000006c0000000,0x00000006c27007c0,0x00000006ccf80000)
 Metaspace       used 64513K, capacity 65604K, committed 66048K, reserved 1107968K
  class space    used 7953K, capacity 8427K, committed 8448K, reserved 1048576K
Event: 16.814 GC heap after
Heap after GC invocations=15 (full 3):
 PSYoungGen      total 534016K, used 14252K [0x000000076ab00000, 0x000000078cd80000, 0x00000007c0000000)
  eden space 510464K, 0% used [0x000000076ab00000,0x000000076ab00000,0x0000000789d80000)
  from space 23552K, 60% used [0x000000078b480000,0x000000078c26b100,0x000000078cb80000)
  to   space 23552K, 0% used [0x0000000789d80000,0x0000000789d80000,0x000000078b480000)
 ParOldGen       total 212480K, used 39945K [0x00000006c0000000, 0x00000006ccf80000, 0x000000076ab00000)
  object space 212480K, 18% used [0x00000006c0000000,0x00000006c27027c0,0x00000006ccf80000)
 Metaspace       used 64513K, capacity 65604K, committed 66048K, reserved 1107968K
  class space    used 7953K, capacity 8427K, committed 8448K, reserved 1048576K
}
Event: 151.786 GC heap before
{Heap before GC invocations=16 (full 3):
 PSYoungGen      total 534016K, used 524716K [0x000000076ab00000, 0x000000078cd80000, 0x00000007c0000000)
  eden space 510464K, 100% used [0x000000076ab00000,0x0000000789d80000,0x0000000789d80000)
  from space 23552K, 60% used [0x000000078b480000,0x000000078c26b100,0x000000078cb80000)
  to   space 23552K, 0% used [0x0000000789d80000,0x0000000789d80000,0x000000078b480000)
 ParOldGen       total 212480K, used 39945K [0x00000006c0000000, 0x00000006ccf80000, 0x000000076ab00000)
  object space 212480K, 18% used [0x00000006c0000000,0x00000006c27027c0,0x00000006ccf80000)
 Metaspace       used 81321K, capacity 82726K, committed 83072K, reserved 1122304K
  class space    used 9958K, capacity 10509K, committed 10624K, reserved 1048576K
Event: 151.928 GC heap after
Heap after GC invocations=16 (full 3):
 PSYoungGen      total 534016K, used 23527K [0x000000076ab00000, 0x0000000795680000, 0x00000007c0000000)
  eden space 510464K, 0% used [0x000000076ab00000,0x000000076ab00000,0x0000000789d80000)
  from space 23552K, 99% used [0x0000000789d80000,0x000000078b479db0,0x000000078b480000)
  to   space 31744K, 0% used [0x0000000793780000,0x0000000793780000,0x0000000795680000)
 ParOldGen       total 212480K, used 53760K [0x00000006c0000000, 0x00000006ccf80000, 0x000000076ab00000)
  object space 212480K, 25% used [0x00000006c0000000,0x00000006c3480010,0x00000006ccf80000)
 Metaspace       used 81321K, capacity 82726K, committed 83072K, reserved 1122304K
  class space    used 9958K, capacity 10509K, committed 10624K, reserved 1048576K
}
Event: 4836.601 GC heap before
{Heap before GC invocations=17 (full 3):
 PSYoungGen      total 534016K, used 533991K [0x000000076ab00000, 0x0000000795680000, 0x00000007c0000000)
  eden space 510464K, 100% used [0x000000076ab00000,0x0000000789d80000,0x0000000789d80000)
  from space 23552K, 99% used [0x0000000789d80000,0x000000078b479db0,0x000000078b480000)
  to   space 31744K, 0% used [0x0000000793780000,0x0000000793780000,0x0000000795680000)
 ParOldGen       total 212480K, used 53760K [0x00000006c0000000, 0x00000006ccf80000, 0x000000076ab00000)
  object space 212480K, 25% used [0x00000006c0000000,0x00000006c3480010,0x00000006ccf80000)
 Metaspace       used 84420K, capacity 85998K, committed 86272K, reserved 1124352K
  class space    used 10301K, capacity 10895K, committed 11008K, reserved 1048576K
Event: 4837.005 GC heap after
Heap after GC invocations=17 (full 3):
 PSYoungGen      total 508416K, used 16523K [0x000000076ab00000, 0x0000000794800000, 0x00000007c0000000)
  eden space 491520K, 0% used [0x000000076ab00000,0x000000076ab00000,0x0000000788b00000)
  from space 16896K, 97% used [0x0000000793780000,0x00000007947a2f90,0x0000000794800000)
  to   space 30720K, 0% used [0x0000000790c00000,0x0000000790c00000,0x0000000792a00000)
 ParOldGen       total 212480K, used 60274K [0x00000006c0000000, 0x00000006ccf80000, 0x000000076ab00000)
  object space 212480K, 28% used [0x00000006c0000000,0x00000006c3adc8b0,0x00000006ccf80000)
 Metaspace       used 84420K, capacity 85998K, committed 86272K, reserved 1124352K
  class space    used 10301K, capacity 10895K, committed 11008K, reserved 1048576K
}

