# JRE version: Java(TM) SE Runtime Environment (8.0_152-b16) (build 1.8.0_152-b16)
# Java VM: Java HotSpot(TM) 64-Bit Server VM (25.152-b16 mixed mode bsd-amd64 compressed oops)
Heap:
 PSYoungGen      total 999936K, used 631808K [0x000000076ab00000, 0x00000007bf980000, 0x00000007c0000000)
  eden space 631808K, 100% used [0x000000076ab00000,0x0000000791400000,0x0000000791400000)
  from space 368128K, 0% used [0x0000000791400000,0x0000000791400000,0x00000007a7b80000)
  to   space 355840K, 0% used [0x00000007a9e00000,0x00000007a9e00000,0x00000007bf980000)
 ParOldGen       total 2796544K, used 2796538K [0x00000006c0000000, 0x000000076ab00000, 0x000000076ab00000)
  object space 2796544K, 99% used [0x00000006c0000000,0x000000076aafe8f8,0x000000076ab00000)
 Metaspace       used 127742K, capacity 130983K, committed 132568K, reserved 1167360K
  class space    used 14331K, capacity 15255K, committed 15616K, reserved 1048576K
GC Heap History (10 events):
Event: 5410.629 GC heap before
{Heap before GC invocations=1152 (full 1095):
 PSYoungGen      total 999936K, used 631808K [0x000000076ab00000, 0x00000007bf980000, 0x00000007c0000000)
  eden space 631808K, 100% used [0x000000076ab00000,0x0000000791400000,0x0000000791400000)
  from space 368128K, 0% used [0x0000000791400000,0x0000000791400000,0x00000007a7b80000)
  to   space 355840K, 0% used [0x00000007a9e00000,0x00000007a9e00000,0x00000007bf980000)
 ParOldGen       total 2796544K, used 2796543K [0x00000006c0000000, 0x000000076ab00000, 0x000000076ab00000)
  object space 2796544K, 99% used [0x00000006c0000000,0x000000076aaffff0,0x000000076ab00000)
 Metaspace       used 127767K, capacity 131025K, committed 132568K, reserved 1167360K
  class space    used 14335K, capacity 15262K, committed 15616K, reserved 1048576K
Event: 5413.034 GC heap after
Heap after GC invocations=1152 (full 1095):
 PSYoungGen      total 999936K, used 631808K [0x000000076ab00000, 0x00000007bf980000, 0x00000007c0000000)
  eden space 631808K, 100% used [0x000000076ab00000,0x0000000791400000,0x0000000791400000)
  from space 368128K, 0% used [0x0000000791400000,0x0000000791400000,0x00000007a7b80000)
  to   space 355840K, 0% used [0x00000007a9e00000,0x00000007a9e00000,0x00000007bf980000)
 ParOldGen       total 2796544K, used 2796543K [0x00000006c0000000, 0x000000076ab00000, 0x000000076ab00000)
  object space 2796544K, 99% used [0x00000006c0000000,0x000000076aaffff0,0x000000076ab00000)
 Metaspace       used 127767K, capacity 131025K, committed 132568K, reserved 1167360K
  class space    used 14335K, capacity 15262K, committed 15616K, reserved 1048576K
}
Event: 5413.133 GC heap before
{Heap before GC invocations=1153 (full 1096):
 PSYoungGen      total 999936K, used 631808K [0x000000076ab00000, 0x00000007bf980000, 0x00000007c0000000)
  eden space 631808K, 100% used [0x000000076ab00000,0x0000000791400000,0x0000000791400000)
  from space 368128K, 0% used [0x0000000791400000,0x0000000791400000,0x00000007a7b80000)
  to   space 355840K, 0% used [0x00000007a9e00000,0x00000007a9e00000,0x00000007bf980000)
 ParOldGen       total 2796544K, used 2796543K [0x00000006c0000000, 0x000000076ab00000, 0x000000076ab00000)
  object space 2796544K, 99% used [0x00000006c0000000,0x000000076aaffff0,0x000000076ab00000)
 Metaspace       used 127767K, capacity 131025K, committed 132568K, reserved 1167360K
  class space    used 14335K, capacity 15262K, committed 15616K, reserved 1048576K
Event: 5417.159 GC heap after
Heap after GC invocations=1153 (full 1096):
 PSYoungGen      total 999936K, used 631805K [0x000000076ab00000, 0x00000007bf980000, 0x00000007c0000000)
  eden space 631808K, 99% used [0x000000076ab00000,0x00000007913ff710,0x0000000791400000)
  from space 368128K, 0% used [0x0000000791400000,0x0000000791400000,0x00000007a7b80000)
  to   space 355840K, 0% used [0x00000007a9e00000,0x00000007a9e00000,0x00000007bf980000)
 ParOldGen       total 2796544K, used 2796538K [0x00000006c0000000, 0x000000076ab00000, 0x000000076ab00000)
  object space 2796544K, 99% used [0x00000006c0000000,0x000000076aafe8f8,0x000000076ab00000)
 Metaspace       used 127742K, capacity 130983K, committed 132568K, reserved 1167360K
  class space    used 14331K, capacity 15255K, committed 15616K, reserved 1048576K
}
Event: 5417.160 GC heap before
{Heap before GC invocations=1154 (full 1097):
 PSYoungGen      total 999936K, used 631807K [0x000000076ab00000, 0x00000007bf980000, 0x00000007c0000000)
  eden space 631808K, 99% used [0x000000076ab00000,0x00000007913fff88,0x0000000791400000)
  from space 368128K, 0% used [0x0000000791400000,0x0000000791400000,0x00000007a7b80000)
  to   space 355840K, 0% used [0x00000007a9e00000,0x00000007a9e00000,0x00000007bf980000)
 ParOldGen       total 2796544K, used 2796538K [0x00000006c0000000, 0x000000076ab00000, 0x000000076ab00000)
  object space 2796544K, 99% used [0x00000006c0000000,0x000000076aafe8f8,0x000000076ab00000)
 Metaspace       used 127742K, capacity 130983K, committed 132568K, reserved 1167360K
  class space    used 14331K, capacity 15255K, committed 15616K, reserved 1048576K
Event: 5419.528 GC heap after
Heap after GC invocations=1154 (full 1097):
 PSYoungGen      total 999936K, used 631806K [0x000000076ab00000, 0x00000007bf980000, 0x00000007c0000000)
  eden space 631808K, 99% used [0x000000076ab00000,0x00000007913ff940,0x0000000791400000)
  from space 368128K, 0% used [0x0000000791400000,0x0000000791400000,0x00000007a7b80000)
  to   space 355840K, 0% used [0x00000007a9e00000,0x00000007a9e00000,0x00000007bf980000)
 ParOldGen       total 2796544K, used 2796538K [0x00000006c0000000, 0x000000076ab00000, 0x000000076ab00000)
  object space 2796544K, 99% used [0x00000006c0000000,0x000000076aafe8f8,0x000000076ab00000)
 Metaspace       used 127742K, capacity 130983K, committed 132568K, reserved 1167360K
  class space    used 14331K, capacity 15255K, committed 15616K, reserved 1048576K
}
Event: 5419.529 GC heap before
{Heap before GC invocations=1155 (full 1098):
 PSYoungGen      total 999936K, used 631808K [0x000000076ab00000, 0x00000007bf980000, 0x00000007c0000000)
  eden space 631808K, 100% used [0x000000076ab00000,0x0000000791400000,0x0000000791400000)
  from space 368128K, 0% used [0x0000000791400000,0x0000000791400000,0x00000007a7b80000)
  to   space 355840K, 0% used [0x00000007a9e00000,0x00000007a9e00000,0x00000007bf980000)
 ParOldGen       total 2796544K, used 2796538K [0x00000006c0000000, 0x000000076ab00000, 0x000000076ab00000)
  object space 2796544K, 99% used [0x00000006c0000000,0x000000076aafe8f8,0x000000076ab00000)
 Metaspace       used 127742K, capacity 130983K, committed 132568K, reserved 1167360K
  class space    used 14331K, capacity 15255K, committed 15616K, reserved 1048576K
Event: 5421.995 GC heap after
Heap after GC invocations=1155 (full 1098):
 PSYoungGen      total 999936K, used 631806K [0x000000076ab00000, 0x00000007bf980000, 0x00000007c0000000)
  eden space 631808K, 99% used [0x000000076ab00000,0x00000007913ff918,0x0000000791400000)
  from space 368128K, 0% used [0x0000000791400000,0x0000000791400000,0x00000007a7b80000)
  to   space 355840K, 0% used [0x00000007a9e00000,0x00000007a9e00000,0x00000007bf980000)
 ParOldGen       total 2796544K, used 2796538K [0x00000006c0000000, 0x000000076ab00000, 0x000000076ab00000)
  object space 2796544K, 99% used [0x00000006c0000000,0x000000076aafe8f8,0x000000076ab00000)
 Metaspace       used 127742K, capacity 130983K, committed 132568K, reserved 1167360K
  class space    used 14331K, capacity 15255K, committed 15616K, reserved 1048576K
}
Event: 5421.998 GC heap before
{Heap before GC invocations=1156 (full 1099):
 PSYoungGen      total 999936K, used 631808K [0x000000076ab00000, 0x00000007bf980000, 0x00000007c0000000)
  eden space 631808K, 100% used [0x000000076ab00000,0x0000000791400000,0x0000000791400000)
  from space 368128K, 0% used [0x0000000791400000,0x0000000791400000,0x00000007a7b80000)
  to   space 355840K, 0% used [0x00000007a9e00000,0x00000007a9e00000,0x00000007bf980000)
 ParOldGen       total 2796544K, used 2796538K [0x00000006c0000000, 0x000000076ab00000, 0x000000076ab00000)
  object space 2796544K, 99% used [0x00000006c0000000,0x000000076aafe8f8,0x000000076ab00000)
 Metaspace       used 127742K, capacity 130983K, committed 132568K, reserved 1167360K
  class space    used 14331K, capacity 15255K, committed 15616K, reserved 1048576K
Event: 5424.366 GC heap after
Heap after GC invocations=1156 (full 1099):
 PSYoungGen      total 999936K, used 631806K [0x000000076ab00000, 0x00000007bf980000, 0x00000007c0000000)
  eden space 631808K, 99% used [0x000000076ab00000,0x00000007913ff988,0x0000000791400000)
  from space 368128K, 0% used [0x0000000791400000,0x0000000791400000,0x00000007a7b80000)
  to   space 355840K, 0% used [0x00000007a9e00000,0x00000007a9e00000,0x00000007bf980000)
 ParOldGen       total 2796544K, used 2796538K [0x00000006c0000000, 0x000000076ab00000, 0x000000076ab00000)
  object space 2796544K, 99% used [0x00000006c0000000,0x000000076aafe8f8,0x000000076ab00000)
 Metaspace       used 127742K, capacity 130983K, committed 132568K, reserved 1167360K
  class space    used 14331K, capacity 15255K, committed 15616K, reserved 1048576K
}

