# JRE version: Java(TM) SE Runtime Environment (8.0_152-b16) (build 1.8.0_152-b16)
# Java VM: Java HotSpot(TM) 64-Bit Server VM (25.152-b16 mixed mode bsd-amd64 compressed oops)
Heap:
 PSYoungGen      total 773632K, used 602063K [0x000000076ab00000, 0x00000007a6300000, 0x00000007c0000000)
  eden space 748544K, 77% used [0x000000076ab00000,0x000000078dee2ff8,0x0000000798600000)
  from space 25088K, 98% used [0x00000007a4a80000,0x00000007a6290e90,0x00000007a6300000)
  to   space 38400K, 0% used [0x00000007a1800000,0x00000007a1800000,0x00000007a3d80000)
 ParOldGen       total 312320K, used 61845K [0x00000006c0000000, 0x00000006d3100000, 0x000000076ab00000)
  object space 312320K, 19% used [0x00000006c0000000,0x00000006c3c656f8,0x00000006d3100000)
 Metaspace       used 121847K, capacity 125205K, committed 125528K, reserved 1159168K
  class space    used 13926K, capacity 14902K, committed 14976K, reserved 1048576K
GC Heap History (10 events):
Event: 1694.132 GC heap before
{Heap before GC invocations=38 (full 4):
 PSYoungGen      total 933888K, used 933742K [0x000000076ab00000, 0x00000007aae00000, 0x00000007c0000000)
  eden space 909824K, 100% used [0x000000076ab00000,0x00000007a2380000,0x00000007a2380000)
  from space 24064K, 99% used [0x00000007a7100000,0x00000007a885b918,0x00000007a8880000)
  to   space 38400K, 0% used [0x00000007a8880000,0x00000007a8880000,0x00000007aae00000)
 ParOldGen       total 312320K, used 61805K [0x00000006c0000000, 0x00000006d3100000, 0x000000076ab00000)
  object space 312320K, 19% used [0x00000006c0000000,0x00000006c3c5b6f8,0x00000006d3100000)
 Metaspace       used 119799K, capacity 123161K, committed 123352K, reserved 1157120K
  class space    used 13791K, capacity 14764K, committed 14848K, reserved 1048576K
Event: 1694.196 GC heap after
Heap after GC invocations=38 (full 4):
 PSYoungGen      total 898560K, used 23907K [0x000000076ab00000, 0x00000007aa000000, 0x00000007c0000000)
  eden space 874496K, 0% used [0x000000076ab00000,0x000000076ab00000,0x00000007a0100000)
  from space 24064K, 99% used [0x00000007a8880000,0x00000007a9fd8e10,0x00000007aa000000)
  to   space 40960K, 0% used [0x00000007a5000000,0x00000007a5000000,0x00000007a7800000)
 ParOldGen       total 312320K, used 61813K [0x00000006c0000000, 0x00000006d3100000, 0x000000076ab00000)
  object space 312320K, 19% used [0x00000006c0000000,0x00000006c3c5d6f8,0x00000006d3100000)
 Metaspace       used 119799K, capacity 123161K, committed 123352K, reserved 1157120K
  class space    used 13791K, capacity 14764K, committed 14848K, reserved 1048576K
}
Event: 1938.021 GC heap before
{Heap before GC invocations=39 (full 4):
 PSYoungGen      total 898560K, used 898403K [0x000000076ab00000, 0x00000007aa000000, 0x00000007c0000000)
  eden space 874496K, 100% used [0x000000076ab00000,0x00000007a0100000,0x00000007a0100000)
  from space 24064K, 99% used [0x00000007a8880000,0x00000007a9fd8e10,0x00000007aa000000)
  to   space 40960K, 0% used [0x00000007a5000000,0x00000007a5000000,0x00000007a7800000)
 ParOldGen       total 312320K, used 61813K [0x00000006c0000000, 0x00000006d3100000, 0x000000076ab00000)
  object space 312320K, 19% used [0x00000006c0000000,0x00000006c3c5d6f8,0x00000006d3100000)
 Metaspace       used 119815K, capacity 123161K, committed 123352K, reserved 1157120K
  class space    used 13791K, capacity 14764K, committed 14848K, reserved 1048576K
Event: 1938.077 GC heap after
Heap after GC invocations=39 (full 4):
 PSYoungGen      total 864768K, used 23987K [0x000000076ab00000, 0x00000007a8900000, 0x00000007c0000000)
  eden space 840704K, 0% used [0x000000076ab00000,0x000000076ab00000,0x000000079e000000)
  from space 24064K, 99% used [0x00000007a5000000,0x00000007a676ce00,0x00000007a6780000)
  to   space 34304K, 0% used [0x00000007a6780000,0x00000007a6780000,0x00000007a8900000)
 ParOldGen       total 312320K, used 61821K [0x00000006c0000000, 0x00000006d3100000, 0x000000076ab00000)
  object space 312320K, 19% used [0x00000006c0000000,0x00000006c3c5f6f8,0x00000006d3100000)
 Metaspace       used 119815K, capacity 123161K, committed 123352K, reserved 1157120K
  class space    used 13791K, capacity 14764K, committed 14848K, reserved 1048576K
}
Event: 2367.176 GC heap before
{Heap before GC invocations=40 (full 4):
 PSYoungGen      total 864768K, used 864691K [0x000000076ab00000, 0x00000007a8900000, 0x00000007c0000000)
  eden space 840704K, 100% used [0x000000076ab00000,0x000000079e000000,0x000000079e000000)
  from space 24064K, 99% used [0x00000007a5000000,0x00000007a676ce00,0x00000007a6780000)
  to   space 34304K, 0% used [0x00000007a6780000,0x00000007a6780000,0x00000007a8900000)
 ParOldGen       total 312320K, used 61821K [0x00000006c0000000, 0x00000006d3100000, 0x000000076ab00000)
  object space 312320K, 19% used [0x00000006c0000000,0x00000006c3c5f6f8,0x00000006d3100000)
 Metaspace       used 119984K, capacity 123299K, committed 123608K, reserved 1159168K
  class space    used 13796K, capacity 14765K, committed 14848K, reserved 1048576K
Event: 2367.339 GC heap after
Heap after GC invocations=40 (full 4):
 PSYoungGen      total 833536K, used 24645K [0x000000076ab00000, 0x00000007a8000000, 0x00000007c0000000)
  eden space 808448K, 0% used [0x000000076ab00000,0x000000076ab00000,0x000000079c080000)
  from space 25088K, 98% used [0x00000007a6780000,0x00000007a7f91400,0x00000007a8000000)
  to   space 39936K, 0% used [0x00000007a3200000,0x00000007a3200000,0x00000007a5900000)
 ParOldGen       total 312320K, used 61829K [0x00000006c0000000, 0x00000006d3100000, 0x000000076ab00000)
  object space 312320K, 19% used [0x00000006c0000000,0x00000006c3c616f8,0x00000006d3100000)
 Metaspace       used 119984K, capacity 123299K, committed 123608K, reserved 1159168K
  class space    used 13796K, capacity 14765K, committed 14848K, reserved 1048576K
}
Event: 2685.953 GC heap before
{Heap before GC invocations=41 (full 4):
 PSYoungGen      total 833536K, used 833093K [0x000000076ab00000, 0x00000007a8000000, 0x00000007c0000000)
  eden space 808448K, 100% used [0x000000076ab00000,0x000000079c080000,0x000000079c080000)
  from space 25088K, 98% used [0x00000007a6780000,0x00000007a7f91400,0x00000007a8000000)
  to   space 39936K, 0% used [0x00000007a3200000,0x00000007a3200000,0x00000007a5900000)
 ParOldGen       total 312320K, used 61829K [0x00000006c0000000, 0x00000006d3100000, 0x000000076ab00000)
  object space 312320K, 19% used [0x00000006c0000000,0x00000006c3c616f8,0x00000006d3100000)
 Metaspace       used 119994K, capacity 123299K, committed 123608K, reserved 1159168K
  class space    used 13796K, capacity 14765K, committed 14848K, reserved 1048576K
Event: 2686.033 GC heap after
Heap after GC invocations=41 (full 4):
 PSYoungGen      total 802816K, used 24739K [0x000000076ab00000, 0x00000007a6800000, 0x00000007c0000000)
  eden space 777728K, 0% used [0x000000076ab00000,0x000000076ab00000,0x000000079a280000)
  from space 25088K, 98% used [0x00000007a3200000,0x00000007a4a28e90,0x00000007a4a80000)
  to   space 30208K, 0% used [0x00000007a4a80000,0x00000007a4a80000,0x00000007a6800000)
 ParOldGen       total 312320K, used 61837K [0x00000006c0000000, 0x00000006d3100000, 0x000000076ab00000)
  object space 312320K, 19% used [0x00000006c0000000,0x00000006c3c636f8,0x00000006d3100000)
 Metaspace       used 119994K, capacity 123299K, committed 123608K, reserved 1159168K
  class space    used 13796K, capacity 14765K, committed 14848K, reserved 1048576K
}
Event: 2852.712 GC heap before
{Heap before GC invocations=42 (full 4):
 PSYoungGen      total 802816K, used 802467K [0x000000076ab00000, 0x00000007a6800000, 0x00000007c0000000)
  eden space 777728K, 100% used [0x000000076ab00000,0x000000079a280000,0x000000079a280000)
  from space 25088K, 98% used [0x00000007a3200000,0x00000007a4a28e90,0x00000007a4a80000)
  to   space 30208K, 0% used [0x00000007a4a80000,0x00000007a4a80000,0x00000007a6800000)
 ParOldGen       total 312320K, used 61837K [0x00000006c0000000, 0x00000006d3100000, 0x000000076ab00000)
  object space 312320K, 19% used [0x00000006c0000000,0x00000006c3c636f8,0x00000006d3100000)
 Metaspace       used 119999K, capacity 123299K, committed 123608K, reserved 1159168K
  class space    used 13796K, capacity 14765K, committed 14848K, reserved 1048576K
Event: 2852.842 GC heap after
Heap after GC invocations=42 (full 4):
 PSYoungGen      total 773632K, used 24643K [0x000000076ab00000, 0x00000007a6300000, 0x00000007c0000000)
  eden space 748544K, 0% used [0x000000076ab00000,0x000000076ab00000,0x0000000798600000)
  from space 25088K, 98% used [0x00000007a4a80000,0x00000007a6290e90,0x00000007a6300000)
  to   space 38400K, 0% used [0x00000007a1800000,0x00000007a1800000,0x00000007a3d80000)
 ParOldGen       total 312320K, used 61845K [0x00000006c0000000, 0x00000006d3100000, 0x000000076ab00000)
  object space 312320K, 19% used [0x00000006c0000000,0x00000006c3c656f8,0x00000006d3100000)
 Metaspace       used 119999K, capacity 123299K, committed 123608K, reserved 1159168K
  class space    used 13796K, capacity 14765K, committed 14848K, reserved 1048576K
}

