# JRE version: Java(TM) SE Runtime Environment (8.0_152-b16) (build 1.8.0_152-b16)
# Java VM: Java HotSpot(TM) 64-Bit Server VM (25.152-b16 mixed mode bsd-amd64 compressed oops)
Heap:
 PSYoungGen      total 1145344K, used 927270K [0x000000076ab00000, 0x00000007bf180000, 0x00000007c0000000)
  eden space 1061376K, 79% used [0x000000076ab00000,0x000000079e2d21e0,0x00000007ab780000)
  from space 83968K, 99% used [0x00000007ab780000,0x00000007b09376c8,0x00000007b0980000)
  to   space 160768K, 0% used [0x00000007b5480000,0x00000007b5480000,0x00000007bf180000)
 ParOldGen       total 370176K, used 149688K [0x00000006c0000000, 0x00000006d6980000, 0x000000076ab00000)
  object space 370176K, 40% used [0x00000006c0000000,0x00000006c922e198,0x00000006d6980000)
 Metaspace       used 130732K, capacity 134427K, committed 134616K, reserved 1167360K
  class space    used 14671K, capacity 15789K, committed 15872K, reserved 1048576K
GC Heap History (10 events):
Event: 63.738 GC heap before
{Heap before GC invocations=39 (full 4):
 PSYoungGen      total 1207808K, used 1174947K [0x000000076ab00000, 0x00000007be480000, 0x00000007c0000000)
  eden space 1073152K, 100% used [0x000000076ab00000,0x00000007ac300000,0x00000007ac300000)
  from space 134656K, 75% used [0x00000007b5100000,0x00000007bb468d20,0x00000007bd480000)
  to   space 145408K, 0% used [0x00000007ac300000,0x00000007ac300000,0x00000007b5100000)
 ParOldGen       total 370176K, used 131076K [0x00000006c0000000, 0x00000006d6980000, 0x000000076ab00000)
  object space 370176K, 35% used [0x00000006c0000000,0x00000006c80012f8,0x00000006d6980000)
 Metaspace       used 123799K, capacity 126963K, committed 127192K, reserved 1161216K
  class space    used 14101K, capacity 15103K, committed 15104K, reserved 1048576K
Event: 63.798 GC heap after
Heap after GC invocations=39 (full 4):
 PSYoungGen      total 1218560K, used 99607K [0x000000076ab00000, 0x00000007c0000000, 0x00000007c0000000)
  eden space 1073152K, 0% used [0x000000076ab00000,0x000000076ab00000,0x00000007ac300000)
  from space 145408K, 68% used [0x00000007ac300000,0x00000007b2445df8,0x00000007b5100000)
  to   space 153088K, 0% used [0x00000007b6a80000,0x00000007b6a80000,0x00000007c0000000)
 ParOldGen       total 370176K, used 133731K [0x00000006c0000000, 0x00000006d6980000, 0x000000076ab00000)
  object space 370176K, 36% used [0x00000006c0000000,0x00000006c8298c40,0x00000006d6980000)
 Metaspace       used 123799K, capacity 126963K, committed 127192K, reserved 1161216K
  class space    used 14101K, capacity 15103K, committed 15104K, reserved 1048576K
}
Event: 66.393 GC heap before
{Heap before GC invocations=40 (full 4):
 PSYoungGen      total 1218560K, used 1172759K [0x000000076ab00000, 0x00000007c0000000, 0x00000007c0000000)
  eden space 1073152K, 100% used [0x000000076ab00000,0x00000007ac300000,0x00000007ac300000)
  from space 145408K, 68% used [0x00000007ac300000,0x00000007b2445df8,0x00000007b5100000)
  to   space 153088K, 0% used [0x00000007b6a80000,0x00000007b6a80000,0x00000007c0000000)
 ParOldGen       total 370176K, used 133731K [0x00000006c0000000, 0x00000006d6980000, 0x000000076ab00000)
  object space 370176K, 36% used [0x00000006c0000000,0x00000006c8298c40,0x00000006d6980000)
 Metaspace       used 123840K, capacity 126963K, committed 127192K, reserved 1161216K
  class space    used 14102K, capacity 15103K, committed 15104K, reserved 1048576K
Event: 66.422 GC heap after
Heap after GC invocations=40 (full 4):
 PSYoungGen      total 1229312K, used 104538K [0x000000076ab00000, 0x00000007c0000000, 0x00000007c0000000)
  eden space 1076224K, 0% used [0x000000076ab00000,0x000000076ab00000,0x00000007ac600000)
  from space 153088K, 68% used [0x00000007b6a80000,0x00000007bd096ad0,0x00000007c0000000)
  to   space 160768K, 0% used [0x00000007ac600000,0x00000007ac600000,0x00000007b6300000)
 ParOldGen       total 370176K, used 135867K [0x00000006c0000000, 0x00000006d6980000, 0x000000076ab00000)
  object space 370176K, 36% used [0x00000006c0000000,0x00000006c84aec50,0x00000006d6980000)
 Metaspace       used 123840K, capacity 126963K, committed 127192K, reserved 1161216K
  class space    used 14102K, capacity 15103K, committed 15104K, reserved 1048576K
}
Event: 824.294 GC heap before
{Heap before GC invocations=41 (full 4):
 PSYoungGen      total 1229312K, used 1180762K [0x000000076ab00000, 0x00000007c0000000, 0x00000007c0000000)
  eden space 1076224K, 100% used [0x000000076ab00000,0x00000007ac600000,0x00000007ac600000)
  from space 153088K, 68% used [0x00000007b6a80000,0x00000007bd096ad0,0x00000007c0000000)
  to   space 160768K, 0% used [0x00000007ac600000,0x00000007ac600000,0x00000007b6300000)
 ParOldGen       total 370176K, used 135867K [0x00000006c0000000, 0x00000006d6980000, 0x000000076ab00000)
  object space 370176K, 36% used [0x00000006c0000000,0x00000006c84aec50,0x00000006d6980000)
 Metaspace       used 126965K, capacity 130437K, committed 130776K, reserved 1165312K
  class space    used 14461K, capacity 15514K, committed 15616K, reserved 1048576K
Event: 824.710 GC heap after
Heap after GC invocations=41 (full 4):
 PSYoungGen      total 1195008K, used 118654K [0x000000076ab00000, 0x00000007c0000000, 0x00000007c0000000)
  eden space 1076224K, 0% used [0x000000076ab00000,0x000000076ab00000,0x00000007ac600000)
  from space 118784K, 99% used [0x00000007ac600000,0x00000007b39dfac8,0x00000007b3a00000)
  to   space 171520K, 0% used [0x00000007b5880000,0x00000007b5880000,0x00000007c0000000)
 ParOldGen       total 370176K, used 148936K [0x00000006c0000000, 0x00000006d6980000, 0x000000076ab00000)
  object space 370176K, 40% used [0x00000006c0000000,0x00000006c9172198,0x00000006d6980000)
 Metaspace       used 126965K, capacity 130437K, committed 130776K, reserved 1165312K
  class space    used 14461K, capacity 15514K, committed 15616K, reserved 1048576K
}
Event: 3933.337 GC heap before
{Heap before GC invocations=42 (full 4):
 PSYoungGen      total 1195008K, used 1194878K [0x000000076ab00000, 0x00000007c0000000, 0x00000007c0000000)
  eden space 1076224K, 100% used [0x000000076ab00000,0x00000007ac600000,0x00000007ac600000)
  from space 118784K, 99% used [0x00000007ac600000,0x00000007b39dfac8,0x00000007b3a00000)
  to   space 171520K, 0% used [0x00000007b5880000,0x00000007b5880000,0x00000007c0000000)
 ParOldGen       total 370176K, used 148936K [0x00000006c0000000, 0x00000006d6980000, 0x000000076ab00000)
  object space 370176K, 40% used [0x00000006c0000000,0x00000006c9172198,0x00000006d6980000)
 Metaspace       used 128076K, capacity 131649K, committed 131928K, reserved 1165312K
  class space    used 14524K, capacity 15626K, committed 15744K, reserved 1048576K
Event: 3933.907 GC heap after
Heap after GC invocations=42 (full 4):
 PSYoungGen      total 1232896K, used 79805K [0x000000076ab00000, 0x00000007c0000000, 0x00000007c0000000)
  eden space 1061376K, 0% used [0x000000076ab00000,0x000000076ab00000,0x00000007ab780000)
  from space 171520K, 46% used [0x00000007b5880000,0x00000007ba66f568,0x00000007c0000000)
  to   space 164864K, 0% used [0x00000007ab780000,0x00000007ab780000,0x00000007b5880000)
 ParOldGen       total 370176K, used 149680K [0x00000006c0000000, 0x00000006d6980000, 0x000000076ab00000)
  object space 370176K, 40% used [0x00000006c0000000,0x00000006c922c198,0x00000006d6980000)
 Metaspace       used 128076K, capacity 131649K, committed 131928K, reserved 1165312K
  class space    used 14524K, capacity 15626K, committed 15744K, reserved 1048576K
}
Event: 6444.823 GC heap before
{Heap before GC invocations=43 (full 4):
 PSYoungGen      total 1232896K, used 1141181K [0x000000076ab00000, 0x00000007c0000000, 0x00000007c0000000)
  eden space 1061376K, 100% used [0x000000076ab00000,0x00000007ab780000,0x00000007ab780000)
  from space 171520K, 46% used [0x00000007b5880000,0x00000007ba66f568,0x00000007c0000000)
  to   space 164864K, 0% used [0x00000007ab780000,0x00000007ab780000,0x00000007b5880000)
 ParOldGen       total 370176K, used 149680K [0x00000006c0000000, 0x00000006d6980000, 0x000000076ab00000)
  object space 370176K, 40% used [0x00000006c0000000,0x00000006c922c198,0x00000006d6980000)
 Metaspace       used 128748K, capacity 132367K, committed 132696K, reserved 1167360K
  class space    used 14534K, capacity 15637K, committed 15744K, reserved 1048576K
Event: 6445.144 GC heap after
Heap after GC invocations=43 (full 4):
 PSYoungGen      total 1145344K, used 83677K [0x000000076ab00000, 0x00000007bf180000, 0x00000007c0000000)
  eden space 1061376K, 0% used [0x000000076ab00000,0x000000076ab00000,0x00000007ab780000)
  from space 83968K, 99% used [0x00000007ab780000,0x00000007b09376c8,0x00000007b0980000)
  to   space 160768K, 0% used [0x00000007b5480000,0x00000007b5480000,0x00000007bf180000)
 ParOldGen       total 370176K, used 149688K [0x00000006c0000000, 0x00000006d6980000, 0x000000076ab00000)
  object space 370176K, 40% used [0x00000006c0000000,0x00000006c922e198,0x00000006d6980000)
 Metaspace       used 128748K, capacity 132367K, committed 132696K, reserved 1167360K
  class space    used 14534K, capacity 15637K, committed 15744K, reserved 1048576K
}

