# JRE version: Java(TM) SE Runtime Environment (8.0_152-b16) (build 1.8.0_152-b16)
# Java VM: Java HotSpot(TM) 64-Bit Server VM (25.152-b16 mixed mode bsd-amd64 compressed oops)
Heap:
 PSYoungGen      total 943616K, used 515303K [0x000000076ab00000, 0x00000007a7380000, 0x00000007c0000000)
  eden space 908800K, 53% used [0x000000076ab00000,0x00000007884a9160,0x00000007a2280000)
  from space 34816K, 86% used [0x00000007a4780000,0x00000007a6510d48,0x00000007a6980000)
  to   space 37888K, 0% used [0x00000007a2280000,0x00000007a2280000,0x00000007a4780000)
 ParOldGen       total 348672K, used 73295K [0x00000006c0000000, 0x00000006d5480000, 0x000000076ab00000)
  object space 348672K, 21% used [0x00000006c0000000,0x00000006c4793d20,0x00000006d5480000)
 Metaspace       used 124083K, capacity 127679K, committed 127832K, reserved 1161216K
  class space    used 14122K, capacity 15161K, committed 15232K, reserved 1048576K
GC Heap History (10 events):
Event: 34.943 GC heap before
{Heap before GC invocations=16 (full 3):
 PSYoungGen      total 672256K, used 666687K [0x000000076ab00000, 0x0000000796780000, 0x00000007c0000000)
  eden space 643072K, 100% used [0x000000076ab00000,0x0000000791f00000,0x0000000791f00000)
  from space 29184K, 80% used [0x0000000793d80000,0x000000079548feb0,0x0000000795a00000)
  to   space 31232K, 0% used [0x0000000791f00000,0x0000000791f00000,0x0000000793d80000)
 ParOldGen       total 228864K, used 63047K [0x00000006c0000000, 0x00000006cdf80000, 0x000000076ab00000)
  object space 228864K, 27% used [0x00000006c0000000,0x00000006c3d91dc0,0x00000006cdf80000)
 Metaspace       used 86691K, capacity 88613K, committed 88920K, reserved 1128448K
  class space    used 10051K, capacity 10562K, committed 10624K, reserved 1048576K
Event: 34.991 GC heap after
Heap after GC invocations=16 (full 3):
 PSYoungGen      total 674304K, used 24738K [0x000000076ab00000, 0x000000079e200000, 0x00000007c0000000)
  eden space 643072K, 0% used [0x000000076ab00000,0x000000076ab00000,0x0000000791f00000)
  from space 31232K, 79% used [0x0000000791f00000,0x00000007937289c0,0x0000000793d80000)
  to   space 33280K, 0% used [0x000000079c180000,0x000000079c180000,0x000000079e200000)
 ParOldGen       total 228864K, used 63055K [0x00000006c0000000, 0x00000006cdf80000, 0x000000076ab00000)
  object space 228864K, 27% used [0x00000006c0000000,0x00000006c3d93dc0,0x00000006cdf80000)
 Metaspace       used 86691K, capacity 88613K, committed 88920K, reserved 1128448K
  class space    used 10051K, capacity 10562K, committed 10624K, reserved 1048576K
}
Event: 38.302 GC heap before
{Heap before GC invocations=17 (full 3):
 PSYoungGen      total 674304K, used 399820K [0x000000076ab00000, 0x000000079e200000, 0x00000007c0000000)
  eden space 643072K, 58% used [0x000000076ab00000,0x000000078194a678,0x0000000791f00000)
  from space 31232K, 79% used [0x0000000791f00000,0x00000007937289c0,0x0000000793d80000)
  to   space 33280K, 0% used [0x000000079c180000,0x000000079c180000,0x000000079e200000)
 ParOldGen       total 228864K, used 63055K [0x00000006c0000000, 0x00000006cdf80000, 0x000000076ab00000)
  object space 228864K, 27% used [0x00000006c0000000,0x00000006c3d93dc0,0x00000006cdf80000)
 Metaspace       used 95913K, capacity 98121K, committed 98264K, reserved 1136640K
  class space    used 11027K, capacity 11714K, committed 11776K, reserved 1048576K
Event: 38.334 GC heap after
Heap after GC invocations=17 (full 3):
 PSYoungGen      total 792064K, used 25969K [0x000000076ab00000, 0x000000079db80000, 0x00000007c0000000)
  eden space 765440K, 0% used [0x000000076ab00000,0x000000076ab00000,0x0000000799680000)
  from space 26624K, 97% used [0x000000079c180000,0x000000079dadc540,0x000000079db80000)
  to   space 35328K, 0% used [0x0000000799680000,0x0000000799680000,0x000000079b900000)
 ParOldGen       total 228864K, used 63079K [0x00000006c0000000, 0x00000006cdf80000, 0x000000076ab00000)
  object space 228864K, 27% used [0x00000006c0000000,0x00000006c3d99dc0,0x00000006cdf80000)
 Metaspace       used 95913K, capacity 98121K, committed 98264K, reserved 1136640K
  class space    used 11027K, capacity 11714K, committed 11776K, reserved 1048576K
}
Event: 38.334 GC heap before
{Heap before GC invocations=18 (full 4):
 PSYoungGen      total 792064K, used 25969K [0x000000076ab00000, 0x000000079db80000, 0x00000007c0000000)
  eden space 765440K, 0% used [0x000000076ab00000,0x000000076ab00000,0x0000000799680000)
  from space 26624K, 97% used [0x000000079c180000,0x000000079dadc540,0x000000079db80000)
  to   space 35328K, 0% used [0x0000000799680000,0x0000000799680000,0x000000079b900000)
 ParOldGen       total 228864K, used 63079K [0x00000006c0000000, 0x00000006cdf80000, 0x000000076ab00000)
  object space 228864K, 27% used [0x00000006c0000000,0x00000006c3d99dc0,0x00000006cdf80000)
 Metaspace       used 95913K, capacity 98121K, committed 98264K, reserved 1136640K
  class space    used 11027K, capacity 11714K, committed 11776K, reserved 1048576K
Event: 38.653 GC heap after
Heap after GC invocations=18 (full 4):
 PSYoungGen      total 792064K, used 0K [0x000000076ab00000, 0x000000079db80000, 0x00000007c0000000)
  eden space 765440K, 0% used [0x000000076ab00000,0x000000076ab00000,0x0000000799680000)
  from space 26624K, 0% used [0x000000079c180000,0x000000079c180000,0x000000079db80000)
  to   space 35328K, 0% used [0x0000000799680000,0x0000000799680000,0x000000079b900000)
 ParOldGen       total 348672K, used 73279K [0x00000006c0000000, 0x00000006d5480000, 0x000000076ab00000)
  object space 348672K, 21% used [0x00000006c0000000,0x00000006c478fd20,0x00000006d5480000)
 Metaspace       used 95913K, capacity 98121K, committed 98264K, reserved 1136640K
  class space    used 11027K, capacity 11714K, committed 11776K, reserved 1048576K
}
Event: 43.866 GC heap before
{Heap before GC invocations=19 (full 4):
 PSYoungGen      total 792064K, used 765440K [0x000000076ab00000, 0x000000079db80000, 0x00000007c0000000)
  eden space 765440K, 100% used [0x000000076ab00000,0x0000000799680000,0x0000000799680000)
  from space 26624K, 0% used [0x000000079c180000,0x000000079c180000,0x000000079db80000)
  to   space 35328K, 0% used [0x0000000799680000,0x0000000799680000,0x000000079b900000)
 ParOldGen       total 348672K, used 73279K [0x00000006c0000000, 0x00000006d5480000, 0x000000076ab00000)
  object space 348672K, 21% used [0x00000006c0000000,0x00000006c478fd20,0x00000006d5480000)
 Metaspace       used 103001K, capacity 105405K, committed 105560K, reserved 1142784K
  class space    used 11795K, capacity 12553K, committed 12672K, reserved 1048576K
Event: 43.901 GC heap after
Heap after GC invocations=19 (full 4):
 PSYoungGen      total 800768K, used 20321K [0x000000076ab00000, 0x00000007a6980000, 0x00000007c0000000)
  eden space 765440K, 0% used [0x000000076ab00000,0x000000076ab00000,0x0000000799680000)
  from space 35328K, 57% used [0x0000000799680000,0x000000079aa586d8,0x000000079b900000)
  to   space 34816K, 0% used [0x00000007a4780000,0x00000007a4780000,0x00000007a6980000)
 ParOldGen       total 348672K, used 73287K [0x00000006c0000000, 0x00000006d5480000, 0x000000076ab00000)
  object space 348672K, 21% used [0x00000006c0000000,0x00000006c4791d20,0x00000006d5480000)
 Metaspace       used 103001K, capacity 105405K, committed 105560K, reserved 1142784K
  class space    used 11795K, capacity 12553K, committed 12672K, reserved 1048576K
}
Event: 62.577 GC heap before
{Heap before GC invocations=20 (full 4):
 PSYoungGen      total 800768K, used 785761K [0x000000076ab00000, 0x00000007a6980000, 0x00000007c0000000)
  eden space 765440K, 100% used [0x000000076ab00000,0x0000000799680000,0x0000000799680000)
  from space 35328K, 57% used [0x0000000799680000,0x000000079aa586d8,0x000000079b900000)
  to   space 34816K, 0% used [0x00000007a4780000,0x00000007a4780000,0x00000007a6980000)
 ParOldGen       total 348672K, used 73287K [0x00000006c0000000, 0x00000006d5480000, 0x000000076ab00000)
  object space 348672K, 21% used [0x00000006c0000000,0x00000006c4791d20,0x00000006d5480000)
 Metaspace       used 119179K, capacity 122441K, committed 122712K, reserved 1157120K
  class space    used 13661K, capacity 14594K, committed 14720K, reserved 1048576K
Event: 62.869 GC heap after
Heap after GC invocations=20 (full 4):
 PSYoungGen      total 943616K, used 30275K [0x000000076ab00000, 0x00000007a7380000, 0x00000007c0000000)
  eden space 908800K, 0% used [0x000000076ab00000,0x000000076ab00000,0x00000007a2280000)
  from space 34816K, 86% used [0x00000007a4780000,0x00000007a6510d48,0x00000007a6980000)
  to   space 37888K, 0% used [0x00000007a2280000,0x00000007a2280000,0x00000007a4780000)
 ParOldGen       total 348672K, used 73295K [0x00000006c0000000, 0x00000006d5480000, 0x000000076ab00000)
  object space 348672K, 21% used [0x00000006c0000000,0x00000006c4793d20,0x00000006d5480000)
 Metaspace       used 119179K, capacity 122441K, committed 122712K, reserved 1157120K
  class space    used 13661K, capacity 14594K, committed 14720K, reserved 1048576K
}

